# configure exec: ./configure --prefix=/Users/barbosa/repository/kafka-bigdata/stream/node_modules/node-rdkafka/build/deps --libdir=/Users/barbosa/repository/kafka-bigdata/stream/node_modules/node-rdkafka/build/deps --prefix=/Users/barbosa/repository/kafka-bigdata/stream/node_modules/node-rdkafka/build/deps --libdir=/Users/barbosa/repository/kafka-bigdata/stream/node_modules/node-rdkafka/build/deps
# On Wed Dec  6 07:36:09 -03 2023
DBG 17201: Setting distro (distro) status to ok (action ignore)
DBG 17201: ccenv: WITH_CC:  --version failed: mklove/modules/configure.base: line 1824: --version: command not found
DBG 17201: Setting ccenv (ccenv) status to failed (action cont)
DBG 17201: Check ccenv (WITH_CC, action cont (originally cont)) failed: command ' --version' failed:
mklove/modules/configure.base: line 1824: --version: command not found
DBG 17201: Setting gcc (gcc) status to ok (action cont)
DBG 17201: cxxenv: WITH_CXX:  --version failed: mklove/modules/configure.base: line 1824: --version: command not found
DBG 17201: Setting cxxenv (cxxenv) status to failed (action cont)
DBG 17201: Check cxxenv (WITH_CXX, action cont (originally cont)) failed: command ' --version' failed:
mklove/modules/configure.base: line 1824: --version: command not found
DBG 17201: Setting gxx (gxx) status to ok (action cont)
DBG 17201: Setting ld (ld) status to ok (action disable)
DBG 17201: Setting nm (nm) status to ok (action disable)
DBG 17201: Setting objdump (objdump) status to ok (action disable)
DBG 17201: Setting strip (strip) status to ok (action disable)
DBG 17201: Setting libtool (libtool) status to ok (action disable)
DBG 17201: Setting ranlib (ranlib) status to ok (action disable)
DBG 17201: Compile check cc_g_dwarf () (sub=0): gcc   -Wall -Werror _mkltmp6UaewI.c -o _mkltmp6UaewI.c.o  -L/Users/barbosa/repository/kafka-bigdata/stream/node_modules/node-rdkafka/build/deps -gstrict-dwarf 
DBG 17201: Setting cc_g_dwarf (cc_g_dwarf) status to ok (action cont)
DBG 17201: pkgconfig: WITH_PKGCONFIG: pkg-config --version failed: mklove/modules/configure.base: line 1824: pkg-config: command not found
DBG 17201: Setting pkgconfig (pkgconfig) status to failed (action cont)
DBG 17201: Check pkgconfig (WITH_PKGCONFIG, action cont (originally cont)) failed: command 'pkg-config --version' failed:
mklove/modules/configure.base: line 1824: pkg-config: command not found
DBG 17201: install: WITH_INSTALL: /usr/bin/install --version failed: /usr/bin/install: illegal option -- -
usage: install [-bCcpSsv] [-B suffix] [-f flags] [-g group] [-m mode]
               [-o owner] file1 file2
       install [-bCcpSsv] [-B suffix] [-f flags] [-g group] [-m mode]
               [-o owner] file1 ... fileN directory
       install -d [-v] [-g group] [-m mode] [-o owner] directory ...
DBG 17201: Setting install (install) status to failed (action cont)
DBG 17201: Check install (WITH_INSTALL, action cont (originally cont)) failed: command '/usr/bin/install --version' failed:
/usr/bin/install: illegal option -- -
usage: install [-bCcpSsv] [-B suffix] [-f flags] [-g group] [-m mode]
               [-o owner] file1 file2
       install [-bCcpSsv] [-B suffix] [-f flags] [-g group] [-m mode]
               [-o owner] file1 ... fileN directory
       install -d [-v] [-g group] [-m mode] [-o owner] directory ...
DBG 17201: gnuar: HAS_GNU_AR: ar -V 2>/dev/null | grep -q GNU failed: ar: one of options -dmpqrtsx is required
usage:  ar -d [-TLsv] archive file ...
	ar -m [-TLsv] archive file ...
	ar -m [-abiTLsv] position archive file ...
	ar -p [-TLsv] archive [file ...]
	ar -q [-cTLsv] archive file ...
	ar -r [-cuTLsv] archive file ...
	ar -r [-abciuTLsv] position archive file ...
	ar -t [-TLsv] archive [file ...]
	ar -x [-ouTLsv] archive [file ...]
DBG 17201: Setting gnuar (gnuar) status to failed (action disable)
DBG 17201: Check gnuar (HAS_GNU_AR, action disable (originally disable)) failed: command 'ar -V 2>/dev/null | grep -q GNU' failed:
ar: one of options -dmpqrtsx is required
usage:  ar -d [-TLsv] archive file ...
	ar -m [-TLsv] archive file ...
	ar -m [-abiTLsv] position archive file ...
	ar -p [-TLsv] archive [file ...]
	ar -q [-cTLsv] archive file ...
	ar -r [-cuTLsv] archive file ...
	ar -r [-abciuTLsv] position archive file ...
	ar -t [-TLsv] archive [file ...]
	ar -x [-ouTLsv] archive [file ...]
DBG 17201: Compile check PIC (HAVE_PIC) (sub=0): gcc  -gstrict-dwarf -O2 -Wall -Werror _mkltmpge6qUr.c -o _mkltmpge6qUr.c.o  -L/Users/barbosa/repository/kafka-bigdata/stream/node_modules/node-rdkafka/build/deps -fPIC 
DBG 17201: Setting PIC (PIC) status to ok (action disable)
DBG 17201: Compile check gnulib (WITH_GNULD) (sub=0): gcc  -gstrict-dwarf -O2 -fPIC -Wall -Werror _mkltmp2xIu6i.c -o _mkltmp2xIu6i.c.o  -L/Users/barbosa/repository/kafka-bigdata/stream/node_modules/node-rdkafka/build/deps -shared -Wl,-soname,mkltest.0 
DBG 17201: compile check for gnulib (WITH_GNULD) failed: gcc  -gstrict-dwarf -O2 -fPIC -Wall -Werror _mkltmp2xIu6i.c -o _mkltmp2xIu6i.c.o  -L/Users/barbosa/repository/kafka-bigdata/stream/node_modules/node-rdkafka/build/deps -shared -Wl,-soname,mkltest.0 : ld: unknown options: -soname 
clang: error: linker command failed with exit code 1 (use -v to see invocation)
DBG 17201: Setting gnulib (gnulib) status to failed (action cont)
DBG 17201: Check gnulib (WITH_GNULD, action cont (originally cont)) failed: compile check failed:
CC: CC
flags: -shared -Wl,-soname,mkltest.0
gcc  -gstrict-dwarf -O2 -fPIC -Wall -Werror _mkltmp2xIu6i.c -o _mkltmp2xIu6i.c.o  -L/Users/barbosa/repository/kafka-bigdata/stream/node_modules/node-rdkafka/build/deps -shared -Wl,-soname,mkltest.0 :
ld: unknown options: -soname 
clang: error: linker command failed with exit code 1 (use -v to see invocation)
source: 
DBG 17201: Compile check osxlib (WITH_OSXLD) (sub=0): gcc  -gstrict-dwarf -O2 -fPIC -Wall -Werror _mkltmpfhuKPZ.c -o _mkltmpfhuKPZ.c.o  -L/Users/barbosa/repository/kafka-bigdata/stream/node_modules/node-rdkafka/build/deps -dynamiclib -Wl,-install_name,/tmp/mkltest.so.0 
DBG 17201: Setting osxlib (osxlib) status to ok (action cont)
DBG 17201: Compile check ldsflagvs () (sub=0): gcc  -gstrict-dwarf -O2 -fPIC -Wall -Werror _mkltmpN148jH.c -o _mkltmpN148jH.c.o  -L/Users/barbosa/repository/kafka-bigdata/stream/node_modules/node-rdkafka/build/deps -shared -Wl,--version-script=_mkltmpiAIfHe 
DBG 17201: compile check for ldsflagvs () failed: gcc  -gstrict-dwarf -O2 -fPIC -Wall -Werror _mkltmpN148jH.c -o _mkltmpN148jH.c.o  -L/Users/barbosa/repository/kafka-bigdata/stream/node_modules/node-rdkafka/build/deps -shared -Wl,--version-script=_mkltmpiAIfHe : ld: unknown options: --version-script=_mkltmpiAIfHe 
clang: error: linker command failed with exit code 1 (use -v to see invocation)
DBG 17201: Setting ldsflagvs (ldsflagvs) status to failed (action cont)
DBG 17201: Check ldsflagvs (, action cont (originally cont)) failed: compile check failed:
CC: CC
flags: -shared -Wl,--version-script=_mkltmpiAIfHe
gcc  -gstrict-dwarf -O2 -fPIC -Wall -Werror _mkltmpN148jH.c -o _mkltmpN148jH.c.o  -L/Users/barbosa/repository/kafka-bigdata/stream/node_modules/node-rdkafka/build/deps -shared -Wl,--version-script=_mkltmpiAIfHe :
ld: unknown options: --version-script=_mkltmpiAIfHe 
clang: error: linker command failed with exit code 1 (use -v to see invocation)
source: 
DBG 17201: Compile check ldsflagm () (sub=0): gcc  -gstrict-dwarf -O2 -fPIC -Wall -Werror _mkltmpnPNizg.c -o _mkltmpnPNizg.c.o  -L/Users/barbosa/repository/kafka-bigdata/stream/node_modules/node-rdkafka/build/deps -shared -Wl,-M_mkltmpiAIfHe 
DBG 17201: compile check for ldsflagm () failed: gcc  -gstrict-dwarf -O2 -fPIC -Wall -Werror _mkltmpnPNizg.c -o _mkltmpnPNizg.c.o  -L/Users/barbosa/repository/kafka-bigdata/stream/node_modules/node-rdkafka/build/deps -shared -Wl,-M_mkltmpiAIfHe : ld: unknown options: -M_mkltmpiAIfHe 
clang: error: linker command failed with exit code 1 (use -v to see invocation)
DBG 17201: Setting ldsflagm (ldsflagm) status to failed (action ignore)
DBG 17201: Check ldsflagm (, action ignore (originally ignore)) failed: compile check failed:
CC: CC
flags: -shared -Wl,-M_mkltmpiAIfHe
gcc  -gstrict-dwarf -O2 -fPIC -Wall -Werror _mkltmpnPNizg.c -o _mkltmpnPNizg.c.o  -L/Users/barbosa/repository/kafka-bigdata/stream/node_modules/node-rdkafka/build/deps -shared -Wl,-M_mkltmpiAIfHe :
ld: unknown options: -M_mkltmpiAIfHe 
clang: error: linker command failed with exit code 1 (use -v to see invocation)
source: 
DBG 17201: Compile check __atomic_32 (HAVE_ATOMICS_32) (sub=0): gcc  -gstrict-dwarf -O2 -fPIC -Wall -Werror _mkltmpONPZ2I.c -o _mkltmpONPZ2I.c.o  -L/Users/barbosa/repository/kafka-bigdata/stream/node_modules/node-rdkafka/build/deps  
DBG 17201: Setting __atomic_32 (__atomic_32) status to ok (action cont)
DBG 17201: Compile check __atomic_64 (HAVE_ATOMICS_64) (sub=0): gcc  -gstrict-dwarf -O2 -fPIC -Wall -Werror _mkltmpy7kwjV.c -o _mkltmpy7kwjV.c.o  -L/Users/barbosa/repository/kafka-bigdata/stream/node_modules/node-rdkafka/build/deps  
DBG 17201: Setting __atomic_64 (__atomic_64) status to ok (action cont)
DBG 17201: Compile check socket () (sub=0): gcc  -gstrict-dwarf -O2 -fPIC -Wall -Wsign-compare -Wfloat-equal -Wpointer-arith -Wcast-align -Wall -Werror _mkltmpHTLvoR.c -o _mkltmpHTLvoR.c.o  -L/Users/barbosa/repository/kafka-bigdata/stream/node_modules/node-rdkafka/build/deps  
DBG 17201: Setting socket (socket) status to ok (action cont)
DBG 17201: Setting parseversion (parseversion) status to ok (action cont)
DBG 17201: librt: Check for static library (libs -lrt, arfile variable STATIC_LIB_librt=, static filenames )
DBG 17201: Compile check librt () (sub=0): gcc  -gstrict-dwarf -O2 -fPIC -Wall -Wsign-compare -Wfloat-equal -Wpointer-arith -Wcast-align -Wall -Werror _mkltmpgVxedM.c -o _mkltmpgVxedM.c.o  -L/Users/barbosa/repository/kafka-bigdata/stream/node_modules/node-rdkafka/build/deps -lrt 
DBG 17201: compile check for librt () failed: gcc  -gstrict-dwarf -O2 -fPIC -Wall -Wsign-compare -Wfloat-equal -Wpointer-arith -Wcast-align -Wall -Werror _mkltmpgVxedM.c -o _mkltmpgVxedM.c.o  -L/Users/barbosa/repository/kafka-bigdata/stream/node_modules/node-rdkafka/build/deps -lrt : ld: library 'rt' not found
clang: error: linker command failed with exit code 1 (use -v to see invocation)
DBG 17201: Setting librt (librt) status to failed (action cont)
DBG 17201: Check librt (, action cont (originally cont)) failed: compile check failed:
CC: CC
flags: -lrt
gcc  -gstrict-dwarf -O2 -fPIC -Wall -Wsign-compare -Wfloat-equal -Wpointer-arith -Wcast-align -Wall -Werror _mkltmpgVxedM.c -o _mkltmpgVxedM.c.o  -L/Users/barbosa/repository/kafka-bigdata/stream/node_modules/node-rdkafka/build/deps -lrt :
ld: library 'rt' not found
clang: error: linker command failed with exit code 1 (use -v to see invocation)
source: 
DBG 17201: libpthread: Check for static library (libs -lpthread, arfile variable STATIC_LIB_libpthread=, static filenames )
DBG 17201: Compile check libpthread () (sub=0): gcc  -gstrict-dwarf -O2 -fPIC -Wall -Wsign-compare -Wfloat-equal -Wpointer-arith -Wcast-align -Wall -Werror _mkltmpCV6dL4.c -o _mkltmpCV6dL4.c.o  -L/Users/barbosa/repository/kafka-bigdata/stream/node_modules/node-rdkafka/build/deps -lpthread 
DBG 17201: Setting libpthread (libpthread) status to ok (action fail)
DBG 17201: libpthread: from lib_check: LIBS: prepend -lpthread
DBG 17201: c11threads: Check for static library (libs -lpthread, arfile variable STATIC_LIB_c11threads=, static filenames )
DBG 17201: Compile check c11threads (WITH_C11THREADS) (sub=0): gcc  -gstrict-dwarf -O2 -fPIC -Wall -Wsign-compare -Wfloat-equal -Wpointer-arith -Wcast-align -Wall -Werror _mkltmplYA3TP.c -o _mkltmplYA3TP.c.o  -L/Users/barbosa/repository/kafka-bigdata/stream/node_modules/node-rdkafka/build/deps -lpthread -lpthread
DBG 17201: compile check for c11threads (WITH_C11THREADS) failed: gcc  -gstrict-dwarf -O2 -fPIC -Wall -Wsign-compare -Wfloat-equal -Wpointer-arith -Wcast-align -Wall -Werror _mkltmplYA3TP.c -o _mkltmplYA3TP.c.o  -L/Users/barbosa/repository/kafka-bigdata/stream/node_modules/node-rdkafka/build/deps -lpthread -lpthread: _mkltmplYA3TP.c:2:10: fatal error: 'threads.h' file not found
#include <threads.h>
         ^~~~~~~~~~~
1 error generated.
DBG 17201: Setting c11threads (c11threads) status to failed (action disable)
DBG 17201: Check c11threads (WITH_C11THREADS, action disable (originally disable)) failed: compile check failed:
CC: CC
flags: -lpthread
gcc  -gstrict-dwarf -O2 -fPIC -Wall -Wsign-compare -Wfloat-equal -Wpointer-arith -Wcast-align -Wall -Werror _mkltmplYA3TP.c -o _mkltmplYA3TP.c.o  -L/Users/barbosa/repository/kafka-bigdata/stream/node_modules/node-rdkafka/build/deps -lpthread -lpthread:
_mkltmplYA3TP.c:2:10: fatal error: 'threads.h' file not found
#include <threads.h>
         ^~~~~~~~~~~
1 error generated.
source: 
#include <threads.h>


static int start_func (void *arg) {
   int iarg = *(int *)arg;
   return iarg;
}

void foo (void) {
    thrd_t thr;
    int arg = 1;
    if (thrd_create(&thr, start_func, (void *)&arg) != thrd_success) {
      ;
    }
}

DBG 17201: libdl: Check for static library (libs -ldl, arfile variable STATIC_LIB_libdl=, static filenames )
DBG 17201: Compile check libdl (WITH_LIBDL) (sub=0): gcc  -gstrict-dwarf -O2 -fPIC -Wall -Wsign-compare -Wfloat-equal -Wpointer-arith -Wcast-align -Wall -Werror _mkltmpaClSKY.c -o _mkltmpaClSKY.c.o  -L/Users/barbosa/repository/kafka-bigdata/stream/node_modules/node-rdkafka/build/deps -ldl -lpthread
DBG 17201: Setting libdl (libdl) status to ok (action disable)
DBG 17201: libdl: from lib_check: LIBS: prepend -ldl
DBG 17201: zlib: Check for static library (libs -lz, arfile variable STATIC_LIB_zlib=, static filenames libz.a)
DBG 17201: Compile check zlib (WITH_ZLIB) (sub=0): gcc  -gstrict-dwarf -O2 -fPIC -Wall -Wsign-compare -Wfloat-equal -Wpointer-arith -Wcast-align -Wall -Werror _mkltmpKsE533.c -o _mkltmpKsE533.c.o  -L/Users/barbosa/repository/kafka-bigdata/stream/node_modules/node-rdkafka/build/deps -lz -ldl -lpthread
DBG 17201: Setting zlib (zlib) status to ok (action disable)
DBG 17201: zlib: from lib_check: LIBS: prepend -lz
DBG 17201: libcrypto: Check for static library (libs -lcrypto, arfile variable STATIC_LIB_libcrypto=, static filenames libcrypto.a)
DBG 17201: Compile check libcrypto () (sub=0): gcc  -gstrict-dwarf -O2 -fPIC -Wall -Wsign-compare -Wfloat-equal -Wpointer-arith -Wcast-align -Wall -Werror _mkltmpuKj6Le.c -o _mkltmpuKj6Le.c.o  -L/Users/barbosa/repository/kafka-bigdata/stream/node_modules/node-rdkafka/build/deps -lcrypto -lz -ldl -lpthread
DBG 17201: compile check for libcrypto () failed: gcc  -gstrict-dwarf -O2 -fPIC -Wall -Wsign-compare -Wfloat-equal -Wpointer-arith -Wcast-align -Wall -Werror _mkltmpuKj6Le.c -o _mkltmpuKj6Le.c.o  -L/Users/barbosa/repository/kafka-bigdata/stream/node_modules/node-rdkafka/build/deps -lcrypto -lz -ldl -lpthread: _mkltmpuKj6Le.c:2:10: fatal error: 'openssl/ssl.h' file not found
#include <openssl/ssl.h>
         ^~~~~~~~~~~~~~~
1 error generated.
DBG 17201: Setting libcrypto (libcrypto) status to failed (action disable)
DBG 17201: Check libcrypto (, action disable (originally disable)) failed: compile check failed:
CC: CC
flags: -lcrypto
gcc  -gstrict-dwarf -O2 -fPIC -Wall -Wsign-compare -Wfloat-equal -Wpointer-arith -Wcast-align -Wall -Werror _mkltmpuKj6Le.c -o _mkltmpuKj6Le.c.o  -L/Users/barbosa/repository/kafka-bigdata/stream/node_modules/node-rdkafka/build/deps -lcrypto -lz -ldl -lpthread:
_mkltmpuKj6Le.c:2:10: fatal error: 'openssl/ssl.h' file not found
#include <openssl/ssl.h>
         ^~~~~~~~~~~~~~~
1 error generated.
source: 
#include <openssl/ssl.h>
#include <openssl/evp.h>
#if OPENSSL_VERSION_NUMBER < 0x1000100fL
#error "Requires OpenSSL version >= v1.0.1"
#endif
DBG 17201: libsasl2: Check for static library (libs -lsasl2, arfile variable STATIC_LIB_libsasl2=, static filenames )
DBG 17201: Compile check libsasl2 (WITH_SASL_CYRUS) (sub=0): gcc  -gstrict-dwarf -O2 -fPIC -Wall -Wsign-compare -Wfloat-equal -Wpointer-arith -Wcast-align -Wall -Werror _mkltmpzwXZSo.c -o _mkltmpzwXZSo.c.o  -L/Users/barbosa/repository/kafka-bigdata/stream/node_modules/node-rdkafka/build/deps -lsasl2 -lz -ldl -lpthread
DBG 17201: Setting libsasl2 (libsasl2) status to ok (action disable)
DBG 17201: libsasl2: from lib_check: LIBS: prepend -lsasl2
DBG 17201: libzstd: Check for static library (libs -lzstd, arfile variable STATIC_LIB_libzstd=, static filenames libzstd.a)
DBG 17201: Compile check libzstd (WITH_ZSTD) (sub=0): gcc  -gstrict-dwarf -O2 -fPIC -Wall -Wsign-compare -Wfloat-equal -Wpointer-arith -Wcast-align -Wall -Werror _mkltmp861fPF.c -o _mkltmp861fPF.c.o  -L/Users/barbosa/repository/kafka-bigdata/stream/node_modules/node-rdkafka/build/deps -lzstd -lsasl2 -lz -ldl -lpthread
DBG 17201: compile check for libzstd (WITH_ZSTD) failed: gcc  -gstrict-dwarf -O2 -fPIC -Wall -Wsign-compare -Wfloat-equal -Wpointer-arith -Wcast-align -Wall -Werror _mkltmp861fPF.c -o _mkltmp861fPF.c.o  -L/Users/barbosa/repository/kafka-bigdata/stream/node_modules/node-rdkafka/build/deps -lzstd -lsasl2 -lz -ldl -lpthread: _mkltmp861fPF.c:2:10: fatal error: 'zstd.h' file not found
#include <zstd.h>
         ^~~~~~~~
1 error generated.
DBG 17201: Setting libzstd (libzstd) status to failed (action disable)
DBG 17201: Check libzstd (WITH_ZSTD, action disable (originally disable)) failed: compile check failed:
CC: CC
flags: -lzstd
gcc  -gstrict-dwarf -O2 -fPIC -Wall -Wsign-compare -Wfloat-equal -Wpointer-arith -Wcast-align -Wall -Werror _mkltmp861fPF.c -o _mkltmp861fPF.c.o  -L/Users/barbosa/repository/kafka-bigdata/stream/node_modules/node-rdkafka/build/deps -lzstd -lsasl2 -lz -ldl -lpthread:
_mkltmp861fPF.c:2:10: fatal error: 'zstd.h' file not found
#include <zstd.h>
         ^~~~~~~~
1 error generated.
source: 
#include <zstd.h>
#include <zstd_errors.h>

void foo (void) {
     ZSTD_getFrameContentSize(NULL, 0);
}

DBG 17201: libcurl: Check for static library (libs -lcurl, arfile variable STATIC_LIB_libcurl=, static filenames libcurl.a)
DBG 17201: Compile check libcurl (WITH_CURL) (sub=0): gcc  -gstrict-dwarf -O2 -fPIC -Wall -Wsign-compare -Wfloat-equal -Wpointer-arith -Wcast-align -Wall -Werror _mkltmpT3i0pA.c -o _mkltmpT3i0pA.c.o  -L/Users/barbosa/repository/kafka-bigdata/stream/node_modules/node-rdkafka/build/deps -lcurl -lsasl2 -lz -ldl -lpthread
DBG 17201: Setting libcurl (libcurl) status to ok (action disable)
DBG 17201: libcurl: from lib_check: LIBS: prepend -lcurl
DBG 17201: libm: Check for static library (libs -lm, arfile variable STATIC_LIB_libm=, static filenames )
DBG 17201: Compile check libm () (sub=0): gcc  -gstrict-dwarf -O2 -fPIC -Wall -Wsign-compare -Wfloat-equal -Wpointer-arith -Wcast-align -Wall -Werror _mkltmpVgMUxW.c -o _mkltmpVgMUxW.c.o  -L/Users/barbosa/repository/kafka-bigdata/stream/node_modules/node-rdkafka/build/deps -lm -lcurl -lsasl2 -lz -ldl -lpthread
DBG 17201: Setting libm (libm) status to ok (action disable)
DBG 17201: libm: from lib_check: LIBS: prepend -lm
DBG 17201: liblz4: Check for static library (libs -llz4, arfile variable STATIC_LIB_liblz4=, static filenames liblz4.a)
DBG 17201: Compile check liblz4 (WITH_LZ4_EXT) (sub=0): gcc  -gstrict-dwarf -O2 -fPIC -Wall -Wsign-compare -Wfloat-equal -Wpointer-arith -Wcast-align -Wall -Werror _mkltmpLC3eGw.c -o _mkltmpLC3eGw.c.o  -L/Users/barbosa/repository/kafka-bigdata/stream/node_modules/node-rdkafka/build/deps -llz4 -lm -lcurl -lsasl2 -lz -ldl -lpthread
DBG 17201: compile check for liblz4 (WITH_LZ4_EXT) failed: gcc  -gstrict-dwarf -O2 -fPIC -Wall -Wsign-compare -Wfloat-equal -Wpointer-arith -Wcast-align -Wall -Werror _mkltmpLC3eGw.c -o _mkltmpLC3eGw.c.o  -L/Users/barbosa/repository/kafka-bigdata/stream/node_modules/node-rdkafka/build/deps -llz4 -lm -lcurl -lsasl2 -lz -ldl -lpthread: _mkltmpLC3eGw.c:1:10: fatal error: 'lz4frame.h' file not found
#include <lz4frame.h>
         ^~~~~~~~~~~~
1 error generated.
DBG 17201: Setting liblz4 (liblz4) status to failed (action disable)
DBG 17201: Check liblz4 (WITH_LZ4_EXT, action disable (originally disable)) failed: compile check failed:
CC: CC
flags: -llz4
gcc  -gstrict-dwarf -O2 -fPIC -Wall -Wsign-compare -Wfloat-equal -Wpointer-arith -Wcast-align -Wall -Werror _mkltmpLC3eGw.c -o _mkltmpLC3eGw.c.o  -L/Users/barbosa/repository/kafka-bigdata/stream/node_modules/node-rdkafka/build/deps -llz4 -lm -lcurl -lsasl2 -lz -ldl -lpthread:
_mkltmpLC3eGw.c:1:10: fatal error: 'lz4frame.h' file not found
#include <lz4frame.h>
         ^~~~~~~~~~~~
1 error generated.
source: #include <lz4frame.h>
DBG 17201: Compile check syslog (WITH_SYSLOG) (sub=0): gcc  -gstrict-dwarf -O2 -fPIC -Wall -Wsign-compare -Wfloat-equal -Wpointer-arith -Wcast-align -Wall -Werror _mkltmpq7B6oc.c -o _mkltmpq7B6oc.c.o  -L/Users/barbosa/repository/kafka-bigdata/stream/node_modules/node-rdkafka/build/deps  -lm -lcurl -lsasl2 -lz -ldl -lpthread
DBG 17201: Setting syslog (syslog) status to ok (action disable)
DBG 17201: Compile check rapidjson (WITH_RAPIDJSON) (sub=0): g++  -gstrict-dwarf -O2 -fPIC -Wall -Wsign-compare -Wfloat-equal -Wpointer-arith -Wcast-align -Wall -Werror _mkltmpHkjIGP.cpp -o _mkltmpHkjIGP.cpp.o  -L/Users/barbosa/repository/kafka-bigdata/stream/node_modules/node-rdkafka/build/deps  -lm -lcurl -lsasl2 -lz -ldl -lpthread
DBG 17201: compile check for rapidjson (WITH_RAPIDJSON) failed: g++  -gstrict-dwarf -O2 -fPIC -Wall -Wsign-compare -Wfloat-equal -Wpointer-arith -Wcast-align -Wall -Werror _mkltmpHkjIGP.cpp -o _mkltmpHkjIGP.cpp.o  -L/Users/barbosa/repository/kafka-bigdata/stream/node_modules/node-rdkafka/build/deps  -lm -lcurl -lsasl2 -lz -ldl -lpthread: _mkltmpHkjIGP.cpp:1:10: fatal error: 'rapidjson/schema.h' file not found
#include <rapidjson/schema.h>
         ^~~~~~~~~~~~~~~~~~~~
1 error generated.
DBG 17201: Setting rapidjson (rapidjson) status to failed (action disable)
DBG 17201: Check rapidjson (WITH_RAPIDJSON, action disable (originally disable)) failed: compile check failed:
CC: CXX
flags: 
g++  -gstrict-dwarf -O2 -fPIC -Wall -Wsign-compare -Wfloat-equal -Wpointer-arith -Wcast-align -Wall -Werror _mkltmpHkjIGP.cpp -o _mkltmpHkjIGP.cpp.o  -L/Users/barbosa/repository/kafka-bigdata/stream/node_modules/node-rdkafka/build/deps  -lm -lcurl -lsasl2 -lz -ldl -lpthread:
_mkltmpHkjIGP.cpp:1:10: fatal error: 'rapidjson/schema.h' file not found
#include <rapidjson/schema.h>
         ^~~~~~~~~~~~~~~~~~~~
1 error generated.
source: #include <rapidjson/schema.h>
DBG 17201: Compile check crc32chw (WITH_CRC32C_HW) (sub=0): gcc  -gstrict-dwarf -O2 -fPIC -Wall -Wsign-compare -Wfloat-equal -Wpointer-arith -Wcast-align -Wall -Werror _mkltmpkInKQT.c -o _mkltmpkInKQT.c.o  -L/Users/barbosa/repository/kafka-bigdata/stream/node_modules/node-rdkafka/build/deps  -lm -lcurl -lsasl2 -lz -ldl -lpthread
DBG 17201: compile check for crc32chw (WITH_CRC32C_HW) failed: gcc  -gstrict-dwarf -O2 -fPIC -Wall -Wsign-compare -Wfloat-equal -Wpointer-arith -Wcast-align -Wall -Werror _mkltmpkInKQT.c -o _mkltmpkInKQT.c.o  -L/Users/barbosa/repository/kafka-bigdata/stream/node_modules/node-rdkafka/build/deps  -lm -lcurl -lsasl2 -lz -ldl -lpthread: _mkltmpkInKQT.c:12:14: error: invalid output constraint '=c' in asm
           : "=c"(ecx)
             ^
1 error generated.
DBG 17201: Setting crc32chw (crc32chw) status to failed (action disable)
DBG 17201: Check crc32chw (WITH_CRC32C_HW, action disable (originally disable)) failed: compile check failed:
CC: CC
flags: 
gcc  -gstrict-dwarf -O2 -fPIC -Wall -Wsign-compare -Wfloat-equal -Wpointer-arith -Wcast-align -Wall -Werror _mkltmpkInKQT.c -o _mkltmpkInKQT.c.o  -L/Users/barbosa/repository/kafka-bigdata/stream/node_modules/node-rdkafka/build/deps  -lm -lcurl -lsasl2 -lz -ldl -lpthread:
_mkltmpkInKQT.c:12:14: error: invalid output constraint '=c' in asm
           : "=c"(ecx)
             ^
1 error generated.
source: 
#include <inttypes.h>
#include <stdio.h>
#define LONGx1 "8192"
#define LONGx2 "16384"
void foo (void) {
   const char *n = "abcdefghijklmnopqrstuvwxyz0123456789";
   uint64_t c0 = 0, c1 = 1, c2 = 2;
   uint64_t s;
   uint32_t eax = 1, ecx;
   __asm__("cpuid"
           : "=c"(ecx)
           : "a"(eax)
           : "%ebx", "%edx");
   __asm__("crc32b\t" "(%1), %0"
           : "=r"(c0)
           : "r"(n), "0"(c0));
   __asm__("crc32q\t" "(%3), %0\n\t"
           "crc32q\t" LONGx1 "(%3), %1\n\t"
           "crc32q\t" LONGx2 "(%3), %2"
           : "=r"(c0), "=r"(c1), "=r"(c2)
           : "r"(n), "0"(c0), "1"(c1), "2"(c2));
  s = c0 + c1 + c2;
  printf("avoiding unused code removal by printing %d, %d, %d\n", (int)s, (int)eax, (int)ecx);
}

DBG 17201: Compile check regex (HAVE_REGEX) (sub=0): gcc  -gstrict-dwarf -O2 -fPIC -Wall -Wsign-compare -Wfloat-equal -Wpointer-arith -Wcast-align -Wall -Werror _mkltmpAiSF6b.c -o _mkltmpAiSF6b.c.o  -L/Users/barbosa/repository/kafka-bigdata/stream/node_modules/node-rdkafka/build/deps  -lm -lcurl -lsasl2 -lz -ldl -lpthread
DBG 17201: Setting regex (regex) status to ok (action disable)
DBG 17201: Compile check rand_r (HAVE_RAND_R) (sub=0): gcc  -gstrict-dwarf -O2 -fPIC -Wall -Wsign-compare -Wfloat-equal -Wpointer-arith -Wcast-align -Wall -Werror _mkltmpRnp4SY.c -o _mkltmpRnp4SY.c.o  -L/Users/barbosa/repository/kafka-bigdata/stream/node_modules/node-rdkafka/build/deps  -lm -lcurl -lsasl2 -lz -ldl -lpthread
DBG 17201: Setting rand_r (rand_r) status to ok (action disable)
DBG 17201: Compile check strndup (HAVE_STRNDUP) (sub=0): gcc  -gstrict-dwarf -O2 -fPIC -Wall -Wsign-compare -Wfloat-equal -Wpointer-arith -Wcast-align -Wall -Werror _mkltmpn2Lfdc.c -o _mkltmpn2Lfdc.c.o  -L/Users/barbosa/repository/kafka-bigdata/stream/node_modules/node-rdkafka/build/deps  -lm -lcurl -lsasl2 -lz -ldl -lpthread
DBG 17201: Setting strndup (strndup) status to ok (action disable)
DBG 17201: Compile check strlcpy (HAVE_STRLCPY) (sub=0): gcc  -gstrict-dwarf -O2 -fPIC -Wall -Wsign-compare -Wfloat-equal -Wpointer-arith -Wcast-align -Wall -Werror _mkltmpeDmAgv.c -o _mkltmpeDmAgv.c.o  -L/Users/barbosa/repository/kafka-bigdata/stream/node_modules/node-rdkafka/build/deps  -lm -lcurl -lsasl2 -lz -ldl -lpthread
DBG 17201: Setting strlcpy (strlcpy) status to ok (action disable)
DBG 17201: Compile check strerror_r (HAVE_STRERROR_R) (sub=0): gcc  -gstrict-dwarf -O2 -fPIC -Wall -Wsign-compare -Wfloat-equal -Wpointer-arith -Wcast-align -Wall -Werror _mkltmpNm16iE.c -o _mkltmpNm16iE.c.o  -L/Users/barbosa/repository/kafka-bigdata/stream/node_modules/node-rdkafka/build/deps  -lm -lcurl -lsasl2 -lz -ldl -lpthread
DBG 17201: Setting strerror_r (strerror_r) status to ok (action disable)
DBG 17201: Compile check strcasestr (HAVE_STRCASESTR) (sub=0): gcc  -gstrict-dwarf -O2 -fPIC -Wall -Wsign-compare -Wfloat-equal -Wpointer-arith -Wcast-align -Wall -Werror _mkltmpTBUYdB.c -o _mkltmpTBUYdB.c.o  -L/Users/barbosa/repository/kafka-bigdata/stream/node_modules/node-rdkafka/build/deps  -lm -lcurl -lsasl2 -lz -ldl -lpthread
DBG 17201: Setting strcasestr (strcasestr) status to ok (action disable)
DBG 17201: Compile check pthread_setname_gnu (HAVE_PTHREAD_SETNAME_GNU) (sub=0): gcc  -gstrict-dwarf -O2 -fPIC -Wall -Wsign-compare -Wfloat-equal -Wpointer-arith -Wcast-align -Wall -Werror _mkltmpRGwNQ3.c -o _mkltmpRGwNQ3.c.o  -L/Users/barbosa/repository/kafka-bigdata/stream/node_modules/node-rdkafka/build/deps -D_GNU_SOURCE -lpthread -lm -lcurl -lsasl2 -lz -ldl -lpthread
DBG 17201: compile check for pthread_setname_gnu (HAVE_PTHREAD_SETNAME_GNU) failed: gcc  -gstrict-dwarf -O2 -fPIC -Wall -Wsign-compare -Wfloat-equal -Wpointer-arith -Wcast-align -Wall -Werror _mkltmpRGwNQ3.c -o _mkltmpRGwNQ3.c.o  -L/Users/barbosa/repository/kafka-bigdata/stream/node_modules/node-rdkafka/build/deps -D_GNU_SOURCE -lpthread -lm -lcurl -lsasl2 -lz -ldl -lpthread: _mkltmpRGwNQ3.c:5:38: error: too many arguments to function call, expected 1, have 2
  pthread_setname_np(pthread_self(), "abc");
  ~~~~~~~~~~~~~~~~~~                 ^~~~~
/Library/Developer/CommandLineTools/SDKs/MacOSX.sdk/usr/include/pthread.h:535:5: note: 'pthread_setname_np' declared here
int     pthread_setname_np(const char*);
        ^
1 error generated.
DBG 17201: Setting pthread_setname_gnu (pthread_setname_gnu) status to failed (action disable)
DBG 17201: Check pthread_setname_gnu (HAVE_PTHREAD_SETNAME_GNU, action disable (originally disable)) failed: compile check failed:
CC: CC
flags: -D_GNU_SOURCE -lpthread
gcc  -gstrict-dwarf -O2 -fPIC -Wall -Wsign-compare -Wfloat-equal -Wpointer-arith -Wcast-align -Wall -Werror _mkltmpRGwNQ3.c -o _mkltmpRGwNQ3.c.o  -L/Users/barbosa/repository/kafka-bigdata/stream/node_modules/node-rdkafka/build/deps -D_GNU_SOURCE -lpthread -lm -lcurl -lsasl2 -lz -ldl -lpthread:
_mkltmpRGwNQ3.c:5:38: error: too many arguments to function call, expected 1, have 2
  pthread_setname_np(pthread_self(), "abc");
  ~~~~~~~~~~~~~~~~~~                 ^~~~~
/Library/Developer/CommandLineTools/SDKs/MacOSX.sdk/usr/include/pthread.h:535:5: note: 'pthread_setname_np' declared here
int     pthread_setname_np(const char*);
        ^
1 error generated.
source: 
#include <pthread.h>

void foo (void) {
  pthread_setname_np(pthread_self(), "abc");
}

DBG 17201: Compile check pthread_setname_darwin (HAVE_PTHREAD_SETNAME_DARWIN) (sub=0): gcc  -gstrict-dwarf -O2 -fPIC -Wall -Wsign-compare -Wfloat-equal -Wpointer-arith -Wcast-align -Wall -Werror _mkltmpvUgDYQ.c -o _mkltmpvUgDYQ.c.o  -L/Users/barbosa/repository/kafka-bigdata/stream/node_modules/node-rdkafka/build/deps -D_DARWIN_C_SOURCE -lpthread -lm -lcurl -lsasl2 -lz -ldl -lpthread
DBG 17201: Setting pthread_setname_darwin (pthread_setname_darwin) status to ok (action disable)
DBG 17201: Setting nm (nm) status to ok (action cont)
DBG 17201: Compile check getrusage (HAVE_GETRUSAGE) (sub=0): gcc  -gstrict-dwarf -O2 -fPIC -Wall -Wsign-compare -Wfloat-equal -Wpointer-arith -Wcast-align -Wall -Werror _mkltmpa0HRx6.c -o _mkltmpa0HRx6.c.o  -L/Users/barbosa/repository/kafka-bigdata/stream/node_modules/node-rdkafka/build/deps  -lm -lcurl -lsasl2 -lz -ldl -lpthread
DBG 17201: Setting getrusage (getrusage) status to ok (action disable)
